[20Mar2025 07:04:58.135] [main/INFO] [cpw.mods.modlauncher.Launcher/MODLAUNCHER]: ModLauncher running: args [--launchTarget, forgeserver, --fml.forgeVersion, 47.3.7, --fml.mcVersion, 1.20.1, --fml.forgeGroup, net.minecraftforge, --fml.mcpVersion, 20230612.114412, nogui]
[20Mar2025 07:04:58.140] [main/INFO] [cpw.mods.modlauncher.Launcher/MODLAUNCHER]: ModLauncher 10.0.9+10.0.9+main.dcd20f30 starting: java version 17.0.14 by Ubuntu; OS Linux arch amd64 version 6.8.0-1021-azure
[20Mar2025 07:04:59.798] [main/INFO] [net.minecraftforge.fml.loading.ImmediateWindowHandler/]: ImmediateWindowProvider not loading because launch target is forgeserver
[20Mar2025 07:04:59.846] [main/INFO] [mixin/]: SpongePowered MIXIN Subsystem Version=0.8.5 Source=union:/workspaces/MSXLUNALUCAST/servidor_minecraft/libraries/org/spongepowered/mixin/0.8.5/mixin-0.8.5.jar%2365!/ Service=ModLauncher Env=SERVER
[20Mar2025 07:05:00.508] [main/WARN] [net.minecraftforge.fml.loading.moddiscovery.ModFileParser/LOADING]: Mod file /workspaces/MSXLUNALUCAST/servidor_minecraft/libraries/net/minecraftforge/fmlcore/1.20.1-47.3.7/fmlcore-1.20.1-47.3.7.jar is missing mods.toml file
[20Mar2025 07:05:00.509] [main/WARN] [net.minecraftforge.fml.loading.moddiscovery.ModFileParser/LOADING]: Mod file /workspaces/MSXLUNALUCAST/servidor_minecraft/libraries/net/minecraftforge/javafmllanguage/1.20.1-47.3.7/javafmllanguage-1.20.1-47.3.7.jar is missing mods.toml file
[20Mar2025 07:05:00.510] [main/WARN] [net.minecraftforge.fml.loading.moddiscovery.ModFileParser/LOADING]: Mod file /workspaces/MSXLUNALUCAST/servidor_minecraft/libraries/net/minecraftforge/lowcodelanguage/1.20.1-47.3.7/lowcodelanguage-1.20.1-47.3.7.jar is missing mods.toml file
[20Mar2025 07:05:00.511] [main/WARN] [net.minecraftforge.fml.loading.moddiscovery.ModFileParser/LOADING]: Mod file /workspaces/MSXLUNALUCAST/servidor_minecraft/libraries/net/minecraftforge/mclanguage/1.20.1-47.3.7/mclanguage-1.20.1-47.3.7.jar is missing mods.toml file
[20Mar2025 07:05:01.101] [main/WARN] [net.minecraftforge.jarjar.selection.JarSelector/]: Attempted to select two dependency jars from JarJar which have the same identification: Mod File:  and Mod File: . Using Mod File: 
[20Mar2025 07:05:01.103] [main/WARN] [net.minecraftforge.jarjar.selection.JarSelector/]: Attempted to select a dependency jar for JarJar which was passed in as source: geckolib. Using Mod File: /workspaces/MSXLUNALUCAST/servidor_minecraft/mods/geckolib-forge-1.20.1-4.7.1.1.jar
[20Mar2025 07:05:01.104] [main/WARN] [net.minecraftforge.jarjar.selection.JarSelector/]: Attempted to select a dependency jar for JarJar which was passed in as source: resourcefullib. Using Mod File: /workspaces/MSXLUNALUCAST/servidor_minecraft/mods/resourcefullib-forge-1.20.1-2.1.29.jar
[20Mar2025 07:05:01.104] [main/INFO] [net.minecraftforge.fml.loading.moddiscovery.JarInJarDependencyLocator/]: Found 27 dependencies adding them to mods collection
[20Mar2025 07:05:07.730] [main/INFO] [mixin/]: Compatibility level set to JAVA_17
[20Mar2025 07:05:08.388] [main/INFO] [mixin/]: Successfully loaded Mixin Connector [com.sonicether.soundphysics.MixinConnector]
[20Mar2025 07:05:08.391] [main/INFO] [mixin/]: Successfully loaded Mixin Connector [com.aizistral.enigmaticlegacy.MixinConnector]
[20Mar2025 07:05:08.397] [main/INFO] [mixin/]: Successfully loaded Mixin Connector [org.tlauncher.MixinConnector]
[20Mar2025 07:05:08.418] [main/INFO] [cpw.mods.modlauncher.LaunchServiceHandler/MODLAUNCHER]: Launching target 'forgeserver' with arguments [nogui]
[20Mar2025 07:05:08.521] [main/INFO] [ModernFix/]: Loaded configuration file for ModernFix 5.20.2+mc1.20.1: 87 options available, 0 override(s) found
[20Mar2025 07:05:08.522] [main/INFO] [ModernFix/]: Applying Nashorn fix
[20Mar2025 07:05:08.538] [main/INFO] [ModernFix/]: Applied Forge config corruption patch
[20Mar2025 07:05:08.584] [main/INFO] [Embeddium/]: Loaded configuration file for Embeddium: 301 options available, 3 override(s) found
[20Mar2025 07:05:08.746] [main/WARN] [mixin/]: Reference map 'tfmg.refmap.json' for design_decor.mixins.json could not be read. If this is a development environment you can ignore this message
[20Mar2025 07:05:08.777] [main/WARN] [mixin/]: Reference map 'guardribbits.refmap.json' for guardribbits.mixins.json could not be read. If this is a development environment you can ignore this message
[20Mar2025 07:05:08.780] [main/WARN] [mixin/]: Reference map 'guardribbits.refmap.json' for guardribbits_forge.mixins.json could not be read. If this is a development environment you can ignore this message
[20Mar2025 07:05:08.786] [main/WARN] [mixin/]: Reference map 'farmersrespite.refmap.json' for farmersrespite.mixins.json could not be read. If this is a development environment you can ignore this message
[20Mar2025 07:05:08.823] [main/INFO] [Canary/]: Loaded configuration file for Canary: 116 options available, 0 override(s) found
[20Mar2025 07:05:08.846] [main/WARN] [mixin/]: Reference map 'Aquamirae.refmap.json' for aquamirae.mixins.json could not be read. If this is a development environment you can ignore this message
[20Mar2025 07:05:09.014] [main/WARN] [mixin/]: Reference map 'SeedDelight.refmap.json' for seeddelight.mixins.json could not be read. If this is a development environment you can ignore this message
[20Mar2025 07:05:09.020] [main/WARN] [mixin/]: Reference map 'ars_artifice-refmap.json' for ars_artifice.mixins.json could not be read. If this is a development environment you can ignore this message
[20Mar2025 07:05:09.087] [main/WARN] [mixin/]: Reference map 'mixins.call_of_yucutan.refmap.json' for mixins.call_of_yucutan.json could not be read. If this is a development environment you can ignore this message
[20Mar2025 07:05:09.107] [main/WARN] [mixin/]: Reference map 'bloodmagic.refmap.json' for bloodmagic.mixins.json could not be read. If this is a development environment you can ignore this message
[20Mar2025 07:05:09.199] [main/WARN] [mixin/]: Reference map 'abnormals_delight.refmap.json' for abnormals_delight.mixins.json could not be read. If this is a development environment you can ignore this message
[20Mar2025 07:05:09.228] [main/WARN] [mixin/]: Reference map 'modonomicon.refmap.json' for modonomicon.mixins.json could not be read. If this is a development environment you can ignore this message
[20Mar2025 07:05:09.231] [main/WARN] [mixin/]: Reference map 'modonomicon.refmap.json' for modonomicon.forge.mixins.json could not be read. If this is a development environment you can ignore this message
[20Mar2025 07:05:10.747] [main/ERROR] [net.minecraftforge.fml.loading.RuntimeDistCleaner/DISTXFORM]: Attempted to load class net/minecraft/client/gui/Gui for invalid dist DEDICATED_SERVER
[20Mar2025 07:05:10.748] [main/WARN] [mixin/]: Error loading class: net/minecraft/client/gui/Gui (java.lang.RuntimeException: Attempted to load class net/minecraft/client/gui/Gui for invalid dist DEDICATED_SERVER)
[20Mar2025 07:05:10.749] [main/WARN] [mixin/]: @Mixin target net.minecraft.client.gui.Gui was not found alexsmobsinteraction.mixins.json:misc.AMIGuiMixin
[20Mar2025 07:05:11.181] [main/WARN] [mixin/]: Error loading class: dev/latvian/mods/kubejs/recipe/RecipesEventJS (java.lang.ClassNotFoundException: dev.latvian.mods.kubejs.recipe.RecipesEventJS)
[20Mar2025 07:05:11.182] [main/WARN] [mixin/]: @Mixin target dev.latvian.mods.kubejs.recipe.RecipesEventJS was not found sliceanddice.mixins.json:RecipeEventJSMixin
[20Mar2025 07:05:11.279] [main/WARN] [mixin/]: Error loading class: xfacthd/framedblocks/common/blockentity/doubled/FramedAdjustableDoubleBlockEntity (java.lang.ClassNotFoundException: xfacthd.framedblocks.common.blockentity.doubled.FramedAdjustableDoubleBlockEntity)
[20Mar2025 07:05:11.280] [main/WARN] [mixin/]: @Mixin target xfacthd.framedblocks.common.blockentity.doubled.FramedAdjustableDoubleBlockEntity was not found createbigcannons.mixins.json:compat.FramedAdjustableDoubleBlockEntityAccessor
[20Mar2025 07:05:11.457] [main/ERROR] [net.minecraftforge.fml.loading.RuntimeDistCleaner/DISTXFORM]: Attempted to load class de/teamlapen/vampirism/client/renderer/RenderHandler for invalid dist DEDICATED_SERVER
[20Mar2025 07:05:11.458] [main/WARN] [mixin/]: Error loading class: de/teamlapen/vampirism/client/renderer/RenderHandler (java.lang.RuntimeException: Attempted to load class de/teamlapen/vampirism/client/renderer/RenderHandler for invalid dist DEDICATED_SERVER)
[20Mar2025 07:05:11.458] [main/WARN] [mixin/]: @Mixin target de.teamlapen.vampirism.client.renderer.RenderHandler was not found vampiresdelight.mixins.json:MixinRenderHandler
[20Mar2025 07:05:12.027] [main/ERROR] [net.minecraftforge.fml.loading.RuntimeDistCleaner/DISTXFORM]: Attempted to load class net/minecraft/client/gui/screens/Screen for invalid dist DEDICATED_SERVER
[20Mar2025 07:05:12.028] [main/WARN] [mixin/]: Error loading class: net/minecraft/client/gui/screens/Screen (java.lang.RuntimeException: Attempted to load class net/minecraft/client/gui/screens/Screen for invalid dist DEDICATED_SERVER)
[20Mar2025 07:05:12.028] [main/WARN] [mixin/]: @Mixin target net.minecraft.client.gui.screens.Screen was not found relics.mixins.json:ScreenMixin
